<?xml version="1.0" encoding="UTF-8"?>
<!-- Generated by org.testng.reporters.JUnitXMLReporter -->
<testsuite hostname="MS007" name="Login test" tests="1" failures="0" timestamp="25 Sep 2017 08:09:46 GMT" time="0.047" errors="0">
  <testcase name="@BeforeSuite init" time="0.0" classname="testcases.LoginTest">
    <failure type="java.io.FileNotFoundException" message="C:\Users\Prabuddha Bajrachary\Desktop\Automation Training\Java\POM\src\com\way2automation\twitter\config\config.properties (The system cannot find the path specified)">
      <![CDATA[java.io.FileNotFoundException: C:\Users\Prabuddha Bajrachary\Desktop\Automation Training\Java\POM\src\com\way2automation\twitter\config\config.properties (The system cannot find the path specified)
	at java.io.FileInputStream.open0(Native Method)
	at java.io.FileInputStream.open(FileInputStream.java:195)
	at java.io.FileInputStream.<init>(FileInputStream.java:138)
	at java.io.FileInputStream.<init>(FileInputStream.java:93)
	at core.testCore.init(testCore.java:39)
... Removed 18 stack frames]]>
    </failure>
  </testcase> <!-- @BeforeSuite init -->
  <testcase name="@BeforeTest checkRunMode" time="0.0" classname="testcases.LoginTest">
    <skipped/>
  </testcase> <!-- @BeforeTest checkRunMode -->
  <testcase name="sampleTest" time="0.0" classname="testcases.LoginTest">
    <skipped/>
  </testcase> <!-- sampleTest -->
</testsuite> <!-- Login test -->
