<?xml version="1.0" encoding="UTF-8"?>
<!-- Generated by org.testng.reporters.JUnitXMLReporter -->
<testsuite hostname="MS007" ignored="2" name="P1 Test" tests="1" failures="0" timestamp="14 Sep 2017 22:26:22 GMT" time="0.015" errors="0">
  <testcase name="Test3" time="0.015" classname="Test.NewTest"/>
  <testcase name="Test2" time="0.0" classname="Test.NewTest">
    <ignored/>
  </testcase> <!-- Test2 -->
  <testcase name="Test1" time="0.0" classname="Test.NewTest">
    <ignored/>
  </testcase> <!-- Test1 -->
</testsuite> <!-- P1 Test -->
