<?xml version="1.0" encoding="UTF-8"?>
<!-- Generated by org.testng.reporters.JUnitXMLReporter -->
<testsuite hostname="MS007" ignored="3" name="Test Suite Results" tests="3" failures="1" timestamp="14 Sep 2017 22:26:22 GMT" time="0.047" errors="0">
  <testcase name="Test1" time="0.0" classname="Test.NewTest"/>
  <testcase name="Test2" time="0.016" classname="Test.NewTest">
    <failure type="java.lang.AssertionError" message="expected [false] but found [true]">
      <![CDATA[java.lang.AssertionError: expected [false] but found [true]
	at Test.NewTest.Test2(NewTest.java:52)
... Removed 31 stack frames]]>
    </failure>
  </testcase> <!-- Test2 -->
  <testcase name="Test3" time="0.015" classname="Test.NewTest2"/>
  <testcase name="Test2" time="0.0" classname="Test.NewTest2">
    <ignored/>
  </testcase> <!-- Test2 -->
  <testcase name="Test3" time="0.0" classname="Test.NewTest">
    <ignored/>
  </testcase> <!-- Test3 -->
  <testcase name="Test1" time="0.0" classname="Test.NewTest2">
    <ignored/>
  </testcase> <!-- Test1 -->
</testsuite> <!-- Test Suite Results -->
